<?xml version="1.0" encoding="UTF-8"?>
<!-- Generated by org.testng.reporters.JUnitReportReporter -->
<testsuite hostname="DESKTOP-TCBCG20" failures="0" tests="1" name="Akashpackage.TestNGFinal" time="0.038" errors="0" timestamp="2021-08-31T18:12:03 IST" skipped="0">
  <testcase classname="Akashpackage.TestNGFinal" name="f" time="0.038"/>
  <system-out/>
</testsuite> <!-- Akashpackage.TestNGFinal -->
